#
# A fatal error has been detected by the Java Runtime Environment:
#
#  EXCEPTION_ACCESS_VIOLATION (0xc0000005) at pc=0x00000000732c8225, pid=1436, tid=8620
#
# JRE version: Java(TM) SE Runtime Environment (8.0_40-b26) (build 1.8.0_40-b26)
# Java VM: Java HotSpot(TM) 64-Bit Server VM (25.40-b25 mixed mode windows-amd64 compressed oops)
# Problematic frame:
# V  [jvm.dll+0x128225]
#
# Failed to write core dump. Minidumps are not enabled by default on client versions of Windows
#
# If you would like to submit a bug report, please visit:
#   http://bugreport.java.com/bugreport/crash.jsp
#

---------------  T H R E A D  ---------------

Current thread (0x000000001774f800):  JavaThread "JDWP Transport Listener: dt_socket" daemon [_thread_in_vm, id=8620, stack(0x0000000018dc0000,0x0000000018ec0000)]

siginfo: ExceptionCode=0xc0000005, reading address 0x00003b003b747865

Registers:
RAX=0x0000000018ebf501, RBX=0x000000001774f800, RCX=0x00003b003b747865, RDX=0x0000000000000000
RSP=0x0000000018ebf520, RBP=0x00003b003b747865, RSI=0x0000000018ebf638, RDI=0x0000000002928460
R8 =0x000000001774f800, R9 =0x000000000000ff00, R10=0x0000000000000000, R11=0x0000000018ebf806
R12=0x0000000000000000, R13=0x00000000177471f8, R14=0x0000000000000000, R15=0x0000000000000000
RIP=0x00000000732c8225, EFLAGS=0x0000000000010206

Top of Stack: (sp=0x0000000018ebf520)
0x0000000018ebf520:   000000001774f800 000000001774f800
0x0000000018ebf530:   0000000018ebf5e8 00000000734cc6db
0x0000000018ebf540:   000000001774f800 00000000734e8f3d
0x0000000018ebf550:   0000000000000000 0000000072fc9155
0x0000000018ebf560:   00000000194fb478 0000000072fd291e
0x0000000018ebf570:   000000001774f800 0000000000000000
0x0000000018ebf580:   0000000000000000 0000000000000000
0x0000000018ebf590:   00003b003b747865 0000000072fd1a15
0x0000000018ebf5a0:   0000000018ebf638 0000000018ebf610
0x0000000018ebf5b0:   0000000000000001 00000000194fb478
0x0000000018ebf5c0:   00003b003b747865 0000000072fb53b3
0x0000000018ebf5d0:   0000000018ebf700 0000000000000001
0x0000000018ebf5e0:   0000000000000001 00000000194fb478
0x0000000018ebf5f0:   000000000000000a 0000000000000000
0x0000000018ebf600:   0000000000000000 0000000000000000
0x0000000018ebf610:   0000000000000001 0000000072fb5571 

Instructions: (pc=0x00000000732c8225)
0x00000000732c8205:   cc cc cc cc cc cc cc cc cc cc cc 48 83 ec 28 48
0x00000000732c8215:   85 c9 75 07 33 c0 48 83 c4 28 c3 48 89 5c 24 20
0x00000000732c8225:   48 8b 19 48 85 db 74 20 48 83 fb 37 74 1a 48 8b
0x00000000732c8235:   13 48 8b cb ff 52 10 84 c0 74 0d 48 8b c3 48 8b 


Register to memory mapping:

RAX=0x0000000018ebf501 is pointing into the stack for thread: 0x000000001774f800
RBX=0x000000001774f800 is a thread
RCX=0x00003b003b747865 is an unknown value
RDX=0x0000000000000000 is an unknown value
RSP=0x0000000018ebf520 is pointing into the stack for thread: 0x000000001774f800
RBP=0x00003b003b747865 is an unknown value
RSI=0x0000000018ebf638 is pointing into the stack for thread: 0x000000001774f800
RDI=0x0000000002928460 is an unknown value
R8 =0x000000001774f800 is a thread
R9 =0x000000000000ff00 is an unknown value
R10=0x0000000000000000 is an unknown value
R11=0x0000000018ebf806 is pointing into the stack for thread: 0x000000001774f800
R12=0x0000000000000000 is an unknown value
R13=0x00000000177471f8 is an unknown value
R14=0x0000000000000000 is an unknown value
R15=0x0000000000000000 is an unknown value


Stack: [0x0000000018dc0000,0x0000000018ec0000],  sp=0x0000000018ebf520,  free space=1021k
Native frames: (J=compiled Java code, j=interpreted, Vv=VM code, C=native code)
V  [jvm.dll+0x128225]
V  [jvm.dll+0x348f3d]
C  [jdwp.dll+0x21a15]
C  [jdwp.dll+0x53b3]
C  [jdwp.dll+0x5571]
C  [jdwp.dll+0xf0a8]
C  [jdwp.dll+0x1f2d5]
C  [jdwp.dll+0x1f4aa]
V  [jvm.dll+0x1bad48]
V  [jvm.dll+0x241914]
V  [jvm.dll+0x29848a]
C  [msvcr100.dll+0x21d9f]
C  [msvcr100.dll+0x21e3b]
C  [KERNEL32.DLL+0x1842]
C  [ntdll.dll+0x3f9d1]


---------------  P R O C E S S  ---------------

Java Threads: ( => current thread )
  0x00000000194f4000 JavaThread "Service Thread" daemon [_thread_blocked, id=8300, stack(0x00000000198a0000,0x00000000199a0000)]
  0x000000001776f800 JavaThread "C1 CompilerThread2" daemon [_thread_blocked, id=8768, stack(0x00000000193a0000,0x00000000194a0000)]
  0x0000000017767000 JavaThread "C2 CompilerThread1" daemon [_thread_blocked, id=9192, stack(0x00000000192a0000,0x00000000193a0000)]
  0x0000000017763000 JavaThread "C2 CompilerThread0" daemon [_thread_blocked, id=9000, stack(0x00000000191a0000,0x00000000192a0000)]
  0x0000000017758000 JavaThread "JDWP Command Reader" daemon [_thread_in_native, id=5720, stack(0x00000000190a0000,0x00000000191a0000)]
  0x0000000017754000 JavaThread "JDWP Event Helper Thread" daemon [_thread_blocked, id=7464, stack(0x0000000018fa0000,0x00000000190a0000)]
=>0x000000001774f800 JavaThread "JDWP Transport Listener: dt_socket" daemon [_thread_in_vm, id=8620, stack(0x0000000018dc0000,0x0000000018ec0000)]
  0x000000001773d800 JavaThread "Attach Listener" daemon [_thread_blocked, id=9548, stack(0x0000000018bb0000,0x0000000018cb0000)]
  0x000000001773c800 JavaThread "Signal Dispatcher" daemon [_thread_blocked, id=6944, stack(0x0000000018ab0000,0x0000000018bb0000)]
  0x00000000028d7800 JavaThread "Finalizer" daemon [_thread_blocked, id=7276, stack(0x00000000189a0000,0x0000000018aa0000)]
  0x00000000028cf000 JavaThread "Reference Handler" daemon [_thread_blocked, id=4692, stack(0x00000000188a0000,0x00000000189a0000)]
  0x000000000292d800 JavaThread "main" [_thread_in_native, id=8536, stack(0x00000000026b0000,0x00000000027b0000)]

Other Threads:
  0x0000000017707000 VMThread [stack: 0x00000000187a0000,0x00000000188a0000] [id=2536]
  0x00000000194f6000 WatcherThread [stack: 0x00000000199a0000,0x0000000019aa0000] [id=4360]

VM state:not at safepoint (normal execution)

VM Mutex/Monitor currently owned by a thread: None

Heap:
 PSYoungGen      total 38400K, used 3328K [0x00000000d5f00000, 0x00000000d8980000, 0x0000000100000000)
  eden space 33280K, 10% used [0x00000000d5f00000,0x00000000d62400f0,0x00000000d7f80000)
  from space 5120K, 0% used [0x00000000d8480000,0x00000000d8480000,0x00000000d8980000)
  to   space 5120K, 0% used [0x00000000d7f80000,0x00000000d7f80000,0x00000000d8480000)
 ParOldGen       total 87552K, used 0K [0x0000000081c00000, 0x0000000087180000, 0x00000000d5f00000)
  object space 87552K, 0% used [0x0000000081c00000,0x0000000081c00000,0x0000000087180000)
 Metaspace       used 2504K, capacity 4600K, committed 4864K, reserved 1056768K
  class space    used 280K, capacity 424K, committed 512K, reserved 1048576K

Card table byte_map: [0x0000000011fd0000,0x00000000123d0000] byte_map_base: 0x0000000011bc2000

Marking Bits: (ParMarkBitMap*) 0x00000000739a4040
 Begin Bits: [0x0000000012a80000, 0x0000000014a10000)
 End Bits:   [0x0000000014a10000, 0x00000000169a0000)

Polling page: 0x00000000027c0000

CodeCache: size=245760Kb used=1090Kb max_used=1090Kb free=244669Kb
 bounds [0x0000000002c10000, 0x0000000002e80000, 0x0000000011c10000]
 total_blobs=242 nmethods=20 adapters=144
 compilation: enabled

Compilation events (10 events):
Event: 0.119 Thread 0x000000001776f800   16  s    3       java.lang.StringBuffer::append (13 bytes)
Event: 0.119 Thread 0x000000001776f800 nmethod 16 0x0000000002d1e4d0 code [0x0000000002d1e660, 0x0000000002d1eb68]
Event: 0.119 Thread 0x000000001776f800   17       3       java.lang.String::equals (81 bytes)
Event: 0.120 Thread 0x000000001776f800 nmethod 17 0x0000000002d1edd0 code [0x0000000002d1ef60, 0x0000000002d1f4b0]
Event: 0.120 Thread 0x000000001776f800   18       3       java.lang.Math::min (11 bytes)
Event: 0.120 Thread 0x000000001776f800 nmethod 18 0x0000000002d1f690 code [0x0000000002d1f7e0, 0x0000000002d1f970]
Event: 10.129 Thread 0x000000001776f800   19       3       java.lang.System::getSecurityManager (4 bytes)
Event: 10.129 Thread 0x000000001776f800 nmethod 19 0x0000000002d1fdd0 code [0x0000000002d1ff20, 0x0000000002d20050]
Event: 14.514 Thread 0x000000001776f800   20       3       java.lang.AbstractStringBuilder::append (50 bytes)
Event: 14.516 Thread 0x000000001776f800 nmethod 20 0x0000000002d200d0 code [0x0000000002d20260, 0x0000000002d20768]

GC Heap History (0 events):
No events

Deoptimization events (0 events):
No events

Internal exceptions (2 events):
Event: 0.038 Thread 0x000000000292d800 Exception <a 'java/lang/NoSuchMethodError': Method sun.misc.Unsafe.defineClass(Ljava/lang/String;[BII)Ljava/lang/Class; name or signature does not match> (0x00000000d5f0cfb8) thrown at [D:\re\workspace\8-2-build-windows-amd64-cygwin\jdk8u40\3098\hotspot\sr?çí—÷î£?
Event: 0.038 Thread 0x000000000292d800 Exception <a 'java/lang/NoSuchMethodError': Method sun.misc.Unsafe.prefetchRead(Ljava/lang/Object;J)V name or signature does not match> (0x00000000d5f0d248) thrown at [D:\re\workspace\8-2-build-windows-amd64-cygwin\jdk8u40\3098\hotspot\src\share\vm\prims\j

Events (10 events):
Event: 30.818 Executing VM operation: RedefineClasses
Event: 30.818 Executing VM operation: RedefineClasses done
Event: 30.823 Executing VM operation: ChangeBreakpoints
Event: 30.823 Executing VM operation: ChangeBreakpoints done
Event: 75.836 Executing VM operation: RedefineClasses
Event: 75.837 Executing VM operation: RedefineClasses done
Event: 75.846 Executing VM operation: ChangeBreakpoints
Event: 75.846 Executing VM operation: ChangeBreakpoints done
Event: 252.515 Executing VM operation: RedefineClasses
Event: 252.516 Executing VM operation: RedefineClasses done


Dynamic libraries:
0x000007f617a10000 - 0x000007f617a47000 	C:\Program Files\Java\jre1.8.0_40\bin\javaw.exe
0x000007fb52bc0000 - 0x000007fb52d7e000 	C:\Windows\SYSTEM32\ntdll.dll
0x000007fb519d0000 - 0x000007fb51b07000 	C:\Windows\system32\KERNEL32.DLL
0x000007fb4fda0000 - 0x000007fb4fe94000 	C:\Windows\system32\KERNELBASE.dll
0x000007fb503e0000 - 0x000007fb504be000 	C:\Windows\system32\ADVAPI32.dll
0x000007fb50000000 - 0x000007fb5014c000 	C:\Windows\system32\USER32.dll
0x000007fb4d810000 - 0x000007fb4da7a000 	C:\Windows\WinSxS\amd64_microsoft.windows.common-controls_6595b64144ccf1df_6.0.9200.16579_none_418ab7ef718b27ef\COMCTL32.dll
0x000007fb525b0000 - 0x000007fb52655000 	C:\Windows\system32\msvcrt.dll
0x000007fb51b10000 - 0x000007fb51b58000 	C:\Windows\SYSTEM32\sechost.dll
0x000007fb52a70000 - 0x000007fb52bb5000 	C:\Windows\system32\RPCRT4.dll
0x000007fb52350000 - 0x000007fb52491000 	C:\Windows\system32\GDI32.dll
0x000007fb52570000 - 0x000007fb525a9000 	C:\Windows\system32\IMM32.DLL
0x000007fb52120000 - 0x000007fb52236000 	C:\Windows\system32\MSCTF.dll
0x0000000072c70000 - 0x0000000072d42000 	C:\Program Files\Java\jre1.8.0_40\bin\msvcr100.dll
0x00000000731a0000 - 0x0000000073a23000 	C:\Program Files\Java\jre1.8.0_40\bin\server\jvm.dll
0x000007fb490a0000 - 0x000007fb490a9000 	C:\Windows\SYSTEM32\WSOCK32.dll
0x000007fb49430000 - 0x000007fb49450000 	C:\Windows\SYSTEM32\WINMM.dll
0x000007fb490b0000 - 0x000007fb490b9000 	C:\Windows\SYSTEM32\VERSION.dll
0x000007fb51b60000 - 0x000007fb51b67000 	C:\Windows\system32\PSAPI.DLL
0x000007fb4ffa0000 - 0x000007fb4fff8000 	C:\Windows\system32\WS2_32.dll
0x000007fb493f0000 - 0x000007fb49423000 	C:\Windows\SYSTEM32\WINMMBASE.dll
0x000007fb51cf0000 - 0x000007fb51cf9000 	C:\Windows\system32\NSI.dll
0x000007fb4ff50000 - 0x000007fb4ff9f000 	C:\Windows\SYSTEM32\cfgmgr32.dll
0x000007fb4ff20000 - 0x000007fb4ff42000 	C:\Windows\system32\DEVOBJ.dll
0x00000000730b0000 - 0x00000000730bf000 	C:\Program Files\Java\jre1.8.0_40\bin\verify.dll
0x0000000073080000 - 0x00000000730a9000 	C:\Program Files\Java\jre1.8.0_40\bin\java.dll
0x0000000072fb0000 - 0x0000000072fe5000 	C:\Program Files\Java\jre1.8.0_40\bin\jdwp.dll
0x0000000072fa0000 - 0x0000000072fa8000 	C:\Program Files\Java\jre1.8.0_40\bin\npt.dll
0x0000000073060000 - 0x0000000073076000 	C:\Program Files\Java\jre1.8.0_40\bin\zip.dll
0x000007fb504c0000 - 0x000007fb517a0000 	C:\Windows\system32\SHELL32.dll
0x000007fb52660000 - 0x000007fb52810000 	C:\Windows\SYSTEM32\combase.dll
0x000007fb517a0000 - 0x000007fb517f0000 	C:\Windows\system32\SHLWAPI.dll
0x000007fb4de70000 - 0x000007fb4df05000 	C:\Windows\SYSTEM32\SHCORE.dll
0x000007fb4fad0000 - 0x000007fb4fae5000 	C:\Windows\system32\profapi.dll
0x0000000072f90000 - 0x0000000072f99000 	C:\Program Files\Java\jre1.8.0_40\bin\dt_socket.dll
0x000007fb47380000 - 0x000007fb47394000 	C:\Windows\system32\napinsp.dll
0x000007fb47360000 - 0x000007fb47378000 	C:\Windows\system32\pnrpnsp.dll
0x000007fb4c490000 - 0x000007fb4c4a6000 	C:\Windows\system32\NLAapi.dll
0x000007fb4f290000 - 0x000007fb4f2ec000 	C:\Windows\System32\mswsock.dll
0x000007fb4f0d0000 - 0x000007fb4f168000 	C:\Windows\SYSTEM32\DNSAPI.dll
0x000007fb47340000 - 0x000007fb47352000 	C:\Windows\System32\winrnr.dll
0x000007fb47320000 - 0x000007fb47334000 	C:\Windows\system32\wshbth.dll
0x0000000073b70000 - 0x0000000073b96000 	C:\Program Files\Bonjour\mdnsNSP.dll
0x000007fb4a620000 - 0x000007fb4a64a000 	C:\Windows\SYSTEM32\Iphlpapi.DLL
0x000007fb4a610000 - 0x000007fb4a61a000 	C:\Windows\SYSTEM32\WINNSI.DLL
0x000007fb4a220000 - 0x000007fb4a281000 	C:\Windows\System32\fwpuclnt.dll
0x000007fb4bfd0000 - 0x000007fb4bfd8000 	C:\Windows\System32\rasadhlp.dll
0x000007fb47ac0000 - 0x000007fb47c23000 	C:\Windows\SYSTEM32\dbghelp.dll

VM Arguments:
jvm_args: -agentlib:jdwp=transport=dt_socket,suspend=y,address=localhost:52579 -Dfile.encoding=Cp1252 
java_command: com.danielgm.thread.ThreadSample
java_class_path (initial): D:\java\Proyectos\Learning\threads\bin
Launcher Type: SUN_STANDARD

Environment Variables:
JAVA_HOME=C:\Program Files (x86)\Java\jre\bin
CLASSPATH=.;C:\Program Files (x86)\Java\jre6\lib\ext\QTJava.zip
PATH=C:/Program Files/Java/jre1.8.0_40/bin/server;C:/Program Files/Java/jre1.8.0_40/bin;C:/Program Files/Java/jre1.8.0_40/lib/amd64;C:\ProgramData\Oracle\Java\javapath;C:\Windows\system32;C:\Windows;C:\Windows\System32\Wbem;C:\Windows\System32\WindowsPowerShell\v1.0\;C:\Program Files (x86)\QuickTime\QTSystem\;C:\Program Files (x86)\Java\jre\bin;C:\Program Files\OpenVPN\bin;C:\Program Files (x86)\Microsoft SQL Server\110\Tools\Binn\ManagementStudio\;C:\Program Files (x86)\Microsoft SQL Server\110\Tools\Binn\;C:\Program Files\Microsoft SQL Server\110\Tools\Binn\;C:\Program Files (x86)\Microsoft SQL Server\110\DTS\Binn\;C:\Program Files (x86)\Skype\Phone\;C:\Ruby193\bin;D:\programas\eclipse;
USERNAME=daniel
OS=Windows_NT
PROCESSOR_IDENTIFIER=Intel64 Family 6 Model 60 Stepping 3, GenuineIntel



---------------  S Y S T E M  ---------------

OS: Windows 8 , 64 bit Build 9200 (6.2.9200.16859)

CPU:total 4 (2 cores per cpu, 2 threads per core) family 6 model 60 stepping 3, cmov, cx8, fxsr, mmx, sse, sse2, sse3, ssse3, sse4.1, sse4.2, popcnt, avx, avx2, aes, clmul, erms, lzcnt, ht, tsc, tscinvbit, bmi1, bmi2

Memory: 4k page, physical 8266860k(2723148k free), swap 14558316k(5339536k free)

vm_info: Java HotSpot(TM) 64-Bit Server VM (25.40-b25) for windows-amd64 JRE (1.8.0_40-b26), built on Mar  7 2015 13:51:59 by "java_re" with MS VC++ 10.0 (VS2010)

time: Sun Sep 25 14:07:05 2016
elapsed time: 252 seconds (0d 0h 4m 12s)

